<?xml version="1.0" encoding="UTF-8"?>
<testsuite name="ru.clevertec.util.StringUtilsTest" tests="2" skipped="0" failures="0" errors="0" timestamp="2023-02-10T15:18:18" hostname="DESKTOP-LNQR48M" time="0.02">
  <properties/>
  <testcase name="isPositiveNumberTrue()" classname="ru.clevertec.util.StringUtilsTest" time="0.018"/>
  <testcase name="isPositiveNumberFalse()" classname="ru.clevertec.util.StringUtilsTest" time="0.001"/>
  <system-out><![CDATA[]]></system-out>
  <system-err><![CDATA[]]></system-err>
</testsuite>
